[debug] [2023-12-19T09:25:55.784Z] ----------------------------------------------------------------------
[debug] [2023-12-19T09:25:55.789Z] Command:       C:\Program Files (x86)\nodejs\node.exe C:\Users\Santosh Kommanapalli\AppData\Roaming\npm\node_modules\firebase-tools\lib\bin\firebase.js init
[debug] [2023-12-19T09:25:55.790Z] CLI Version:   13.0.0
[debug] [2023-12-19T09:25:55.790Z] Platform:      win32
[debug] [2023-12-19T09:25:55.790Z] Node Version:  v20.10.0
[debug] [2023-12-19T09:25:55.791Z] Time:          Tue Dec 19 2023 14:55:55 GMT+0530 (India Standard Time)
[debug] [2023-12-19T09:25:55.791Z] ----------------------------------------------------------------------
[debug] 
[debug] [2023-12-19T09:25:55.806Z] > command requires scopes: ["email","openid","https://www.googleapis.com/auth/cloudplatformprojects.readonly","https://www.googleapis.com/auth/firebase","https://www.googleapis.com/auth/cloud-platform"]
[debug] [2023-12-19T09:25:55.807Z] > authorizing via signed-in user (suryakommanapalli80@gmail.com)
[info] 
     ######## #### ########  ######## ########     ###     ######  ########
     ##        ##  ##     ## ##       ##     ##  ##   ##  ##       ##
     ######    ##  ########  ######   ########  #########  ######  ######
     ##        ##  ##    ##  ##       ##     ## ##     ##       ## ##
     ##       #### ##     ## ######## ########  ##     ##  ######  ########

You're about to initialize a Firebase project in this directory:

  C:\Users\Santosh Kommanapalli\OneDrive\Desktop\users-dashboard\Back-end

[info] 
=== Project Setup
[info] 
[info] First, let's associate this project directory with a Firebase project.
[info] You can create multiple project aliases by running firebase use --add, 
[info] but for now we'll just set up a default project.
[info] 
[debug] [2023-12-19T09:26:12.052Z] >>> [apiv2][query] GET https://firebase.googleapis.com/v1beta1/projects pageSize=100
[debug] [2023-12-19T09:26:22.449Z] <<< [apiv2][status] GET https://firebase.googleapis.com/v1beta1/projects 200
[debug] [2023-12-19T09:26:22.449Z] <<< [apiv2][body] GET https://firebase.googleapis.com/v1beta1/projects [omitted]
[info] i  Using project users-list-8ee04 (Users List) 
[info] 
=== Functions Setup
[debug] [2023-12-19T09:26:30.217Z] > command requires scopes: ["email","openid","https://www.googleapis.com/auth/cloudplatformprojects.readonly","https://www.googleapis.com/auth/firebase","https://www.googleapis.com/auth/cloud-platform"]
[debug] [2023-12-19T09:26:30.217Z] > authorizing via signed-in user (suryakommanapalli80@gmail.com)
[debug] [2023-12-19T09:26:30.217Z] [iam] checking project users-list-8ee04 for permissions ["firebase.projects.get"]
[debug] [2023-12-19T09:26:30.219Z] >>> [apiv2][query] POST https://cloudresourcemanager.googleapis.com/v1/projects/users-list-8ee04:testIamPermissions [none]
[debug] [2023-12-19T09:26:30.219Z] >>> [apiv2][(partial)header] POST https://cloudresourcemanager.googleapis.com/v1/projects/users-list-8ee04:testIamPermissions x-goog-quota-user=projects/users-list-8ee04
[debug] [2023-12-19T09:26:30.219Z] >>> [apiv2][body] POST https://cloudresourcemanager.googleapis.com/v1/projects/users-list-8ee04:testIamPermissions {"permissions":["firebase.projects.get"]}
[debug] [2023-12-19T09:26:34.088Z] <<< [apiv2][status] POST https://cloudresourcemanager.googleapis.com/v1/projects/users-list-8ee04:testIamPermissions 200
[debug] [2023-12-19T09:26:34.089Z] <<< [apiv2][body] POST https://cloudresourcemanager.googleapis.com/v1/projects/users-list-8ee04:testIamPermissions {"permissions":["firebase.projects.get"]}
[debug] [2023-12-19T09:26:34.089Z] >>> [apiv2][query] GET https://serviceusage.googleapis.com/v1/projects/users-list-8ee04/services/cloudfunctions.googleapis.com [none]
[debug] [2023-12-19T09:26:34.090Z] >>> [apiv2][(partial)header] GET https://serviceusage.googleapis.com/v1/projects/users-list-8ee04/services/cloudfunctions.googleapis.com x-goog-quota-user=projects/users-list-8ee04
[debug] [2023-12-19T09:26:34.092Z] >>> [apiv2][query] GET https://serviceusage.googleapis.com/v1/projects/users-list-8ee04/services/runtimeconfig.googleapis.com [none]
[debug] [2023-12-19T09:26:34.092Z] >>> [apiv2][(partial)header] GET https://serviceusage.googleapis.com/v1/projects/users-list-8ee04/services/runtimeconfig.googleapis.com x-goog-quota-user=projects/users-list-8ee04
[debug] [2023-12-19T09:26:44.147Z] <<< [apiv2][status] GET https://serviceusage.googleapis.com/v1/projects/users-list-8ee04/services/runtimeconfig.googleapis.com 200
[debug] [2023-12-19T09:26:44.147Z] <<< [apiv2][body] GET https://serviceusage.googleapis.com/v1/projects/users-list-8ee04/services/runtimeconfig.googleapis.com [omitted]
[debug] [2023-12-19T09:26:44.173Z] <<< [apiv2][status] GET https://serviceusage.googleapis.com/v1/projects/users-list-8ee04/services/cloudfunctions.googleapis.com 200
[debug] [2023-12-19T09:26:44.174Z] <<< [apiv2][body] GET https://serviceusage.googleapis.com/v1/projects/users-list-8ee04/services/cloudfunctions.googleapis.com [omitted]
[info] Let's create a new codebase for your functions.
[info] A directory corresponding to the codebase will be created in your project
[info] with sample code pre-configured.

[info] See https://firebase.google.com/docs/functions/organize-functions for
[info] more information on organizing your functions using codebases.

[info] Functions can be deployed with firebase deploy.

[info] +  Wrote functions/package.json 
[info] +  Wrote functions/index.js 
[info] +  Wrote functions/.gitignore 
[info] 
[info] i  Writing configuration info to firebase.json... 
[info] i  Writing project information to .firebaserc... 
[info] i  Writing gitignore file to .gitignore... 
[info] 
[info] +  Firebase initialization complete! 
[debug] [2023-12-19T09:27:07.545Z] Error: Timed out.
    at Timeout.<anonymous> (C:\Users\Santosh Kommanapalli\AppData\Roaming\npm\node_modules\firebase-tools\lib\utils.js:258:49)
    at listOnTimeout (node:internal/timers:573:17)
    at process.processTimers (node:internal/timers:514:7)
[error] 
[error] Error: An unexpected error has occurred.
